<?xml version="1.0" encoding="UTF-8"?>
<!-- Generated by org.testng.reporters.JUnitXMLReporter -->
<testsuite ignored="0" hostname="DESKTOP-PMLUBDA" failures="0" tests="1" name="Test" time="0.314" errors="0" timestamp="2023-04-09T18:50:54 IST">
  <testcase classname="TestPackage1.BaseTest" name="@BeforeMethod beforeMethodmethod1" time="-1.681046454313E9">
    <failure type="org.testng.TestNGException" message="
Method beforeMethodmethod1 requires 2 parameters but 1 were supplied in the BeforeMethod annotation.">
      <![CDATA[org.testng.TestNGException: 
Method beforeMethodmethod1 requires 2 parameters but 1 were supplied in the BeforeMethod annotation.
at java.base/java.util.ArrayList.forEach(ArrayList.java:1511)
... Removed 28 stack frames]]>
    </failure>
  </testcase> <!-- @BeforeMethod beforeMethodmethod1 -->
  <testcase classname="TestPackage1.BaseTest" name="@AfterMethod aftermethodtmethod1" time="-1.681046454339E9">
    <skipped/>
  </testcase> <!-- @AfterMethod aftermethodtmethod1 -->
  <testcase classname="TestPackage1.TestCase1" name="SampleMethodforEmailEntering" time="0.0">
    <skipped/>
  </testcase> <!-- SampleMethodforEmailEntering -->
</testsuite> <!-- Test -->
